1605098968202	geckodriver	INFO	Listening on 127.0.0.1:49037
1605098968208	mozrunner::runner	INFO	Running command: "/usr/bin/firefox" "--marionette" "-foreground" "-no-remote" "-profile" "/tmp/rust_mozprofileDU0eem"
console.error: SearchCache: "_readCacheFile: Error reading cache file:" (new Error("", "(unknown module)"))
1605098976034	Marionette	INFO	Listening on port 39805
1605098976167	Marionette	WARN	TLS certificate errors will be ignored for this session

(firefox:2534849): GLib-GObject-WARNING **: 09:50:00.686: ../../../gobject/gsignal.c:3599: signal name 'load_complete' is invalid for instance '0x7f71c4e61f50' of type 'MaiAtkType21'
Marionette threw an error: TypeError: this.curBrowser.contentBrowser is null
GeckoDriver.prototype.navigateTo@chrome://marionette/content/driver.js:1248:3

1605099002696	Marionette	ERROR	[31] No reply from Marionette:Register
1605099007699	Marionette	INFO	Stopped listening on port 39805
1605099056933	geckodriver	INFO	Listening on 127.0.0.1:55141
1605099056938	mozrunner::runner	INFO	Running command: "/usr/bin/firefox" "--marionette" "-foreground" "-no-remote" "-profile" "/tmp/rust_mozprofileIuQo0F"
console.error: SearchCache: "_readCacheFile: Error reading cache file:" (new Error("", "(unknown module)"))
1605099063977	Marionette	INFO	Listening on port 39601
1605099064051	Marionette	WARN	TLS certificate errors will be ignored for this session
1605099082759	Marionette	INFO	Stopped listening on port 39601
1605099199891	geckodriver	INFO	Listening on 127.0.0.1:44227
1605099199896	mozrunner::runner	INFO	Running command: "/usr/bin/firefox" "--marionette" "-foreground" "-no-remote" "-profile" "/tmp/rust_mozprofilekizQ3s"
console.error: SearchCache: "_readCacheFile: Error reading cache file:" (new Error("", "(unknown module)"))
1605099207352	Marionette	INFO	Listening on port 36329
1605099207410	Marionette	WARN	TLS certificate errors will be ignored for this session

(firefox:2823565): GLib-GObject-WARNING **: 09:54:06.575: ../../../gobject/gsignal.c:3599: signal name 'load_complete' is invalid for instance '0x7fb9697fb530' of type 'MaiAtkType139'

(firefox:2823565): GLib-GObject-WARNING **: 09:54:06.575: ../../../gobject/gsignal.c:3599: signal name 'load_complete' is invalid for instance '0x7fb9697fb590' of type 'MaiAtkType139'

(firefox:2823565): GLib-GObject-WARNING **: 09:54:11.714: ../../../gobject/gsignal.c:3599: signal name 'load_complete' is invalid for instance '0x7fb968de56b0' of type 'MaiAtkType139'

(firefox:2823565): GLib-GObject-WARNING **: 09:54:11.714: ../../../gobject/gsignal.c:3599: signal name 'load_complete' is invalid for instance '0x7fb968de57d0' of type 'MaiAtkType139'
JavaScript error: resource://gre/actors/AutoCompleteChild.jsm, line 235: Error: Invalid autocomplete selectedIndex
JavaScript error: resource://gre/actors/AutoCompleteChild.jsm, line 235: Error: Invalid autocomplete selectedIndex
JavaScript error: resource://gre/actors/AutoCompleteChild.jsm, line 235: Error: Invalid autocomplete selectedIndex
JavaScript error: resource://gre/actors/AutoCompleteChild.jsm, line 235: Error: Invalid autocomplete selectedIndex
JavaScript error: resource://gre/actors/AutoCompleteChild.jsm, line 235: Error: Invalid autocomplete selectedIndex
1605099571404	Marionette	INFO	Stopped listening on port 36329
1605099572206	geckodriver	INFO	Listening on 127.0.0.1:41101
1605099572211	mozrunner::runner	INFO	Running command: "/usr/bin/firefox" "--marionette" "-foreground" "-no-remote" "-profile" "/tmp/rust_mozprofile0lWYxv"
console.error: SearchCache: "_readCacheFile: Error reading cache file:" (new Error("", "(unknown module)"))
1605099579307	Marionette	INFO	Listening on port 36819
1605099579328	Marionette	WARN	TLS certificate errors will be ignored for this session
Exiting due to channel error.
Exiting due to channel error.
Exiting due to channel error.
1605099709751	geckodriver	INFO	Listening on 127.0.0.1:34337
1605099709756	mozrunner::runner	INFO	Running command: "/usr/bin/firefox" "--marionette" "-foreground" "-no-remote" "-profile" "/tmp/rust_mozprofiledkAOGz"
console.error: SearchCache: "_readCacheFile: Error reading cache file:" (new Error("", "(unknown module)"))
1605099716767	Marionette	INFO	Listening on port 36091
1605099716870	Marionette	WARN	TLS certificate errors will be ignored for this session
1605099730489	Marionette	INFO	Stopped listening on port 36091
